<?xml version="1.0" encoding="UTF-8"?>
<coverage generated="1743536207886" clover="3.2.0">
  <project timestamp="1743536207886" name="All files">
    <metrics statements="74" coveredstatements="74" conditionals="55" coveredconditionals="53" methods="15" coveredmethods="15" elements="144" coveredelements="142" complexity="0" loc="74" ncloc="74" packages="2" files="2" classes="2"/>
    <package name="src">
      <metrics statements="8" coveredstatements="8" conditionals="0" coveredconditionals="0" methods="7" coveredmethods="7"/>
      <file name="index.ts" path="D:\codeDB\npm-packages\path-validator\src\index.ts">
        <metrics statements="8" coveredstatements="8" conditionals="0" coveredconditionals="0" methods="7" coveredmethods="7"/>
        <line num="1" count="1" type="stmt"/>
        <line num="2" count="12" type="stmt"/>
        <line num="3" count="13" type="stmt"/>
        <line num="4" count="5" type="stmt"/>
        <line num="5" count="5" type="stmt"/>
        <line num="6" count="7" type="stmt"/>
        <line num="7" count="6" type="stmt"/>
        <line num="8" count="5" type="stmt"/>
      </file>
    </package>
    <package name="src.lib">
      <metrics statements="66" coveredstatements="66" conditionals="55" coveredconditionals="53" methods="8" coveredmethods="8"/>
      <file name="pathUtils.ts" path="D:\codeDB\npm-packages\path-validator\src\lib\pathUtils.ts">
        <metrics statements="66" coveredstatements="66" conditionals="55" coveredconditionals="53" methods="8" coveredmethods="8"/>
        <line num="1" count="1" type="stmt"/>
        <line num="2" count="1" type="stmt"/>
        <line num="13" count="1" type="stmt"/>
        <line num="14" count="1" type="stmt"/>
        <line num="15" count="1" type="stmt"/>
        <line num="16" count="1" type="stmt"/>
        <line num="21" count="1" type="stmt"/>
        <line num="22" count="26" type="cond" truecount="1" falsecount="1"/>
        <line num="29" count="10" type="cond" truecount="2" falsecount="0"/>
        <line num="37" count="1" type="cond" truecount="1" falsecount="0"/>
        <line num="38" count="11" type="stmt"/>
        <line num="39" count="11" type="cond" truecount="4" falsecount="0"/>
        <line num="40" count="11" type="cond" truecount="2" falsecount="0"/>
        <line num="41" count="11" type="cond" truecount="2" falsecount="0"/>
        <line num="42" count="11" type="cond" truecount="2" falsecount="0"/>
        <line num="43" count="11" type="cond" truecount="2" falsecount="0"/>
        <line num="46" count="11" type="cond" truecount="1" falsecount="0"/>
        <line num="47" count="1" type="stmt"/>
        <line num="59" count="10" type="cond" truecount="1" falsecount="0"/>
        <line num="60" count="3" type="stmt"/>
        <line num="67" count="10" type="cond" truecount="2" falsecount="0"/>
        <line num="68" count="10" type="stmt"/>
        <line num="69" count="10" type="cond" truecount="1" falsecount="0"/>
        <line num="70" count="2" type="stmt"/>
        <line num="78" count="10" type="cond" truecount="3" falsecount="0"/>
        <line num="79" count="2" type="stmt"/>
        <line num="86" count="10" type="stmt"/>
        <line num="87" count="10" type="cond" truecount="3" falsecount="0"/>
        <line num="88" count="1" type="stmt"/>
        <line num="93" count="10" type="cond" truecount="3" falsecount="0"/>
        <line num="94" count="1" type="stmt"/>
        <line num="101" count="10" type="cond" truecount="1" falsecount="0"/>
        <line num="102" count="2" type="stmt"/>
        <line num="108" count="8" type="stmt"/>
        <line num="119" count="1" type="cond" truecount="1" falsecount="0"/>
        <line num="121" count="23" type="cond" truecount="1" falsecount="0"/>
        <line num="122" count="1" type="stmt"/>
        <line num="125" count="22" type="cond" truecount="4" falsecount="0"/>
        <line num="126" count="22" type="cond" truecount="2" falsecount="0"/>
        <line num="127" count="22" type="cond" truecount="2" falsecount="0"/>
        <line num="128" count="22" type="cond" truecount="2" falsecount="0"/>
        <line num="131" count="22" type="stmt"/>
        <line num="134" count="22" type="cond" truecount="1" falsecount="0"/>
        <line num="135" count="1" type="stmt"/>
        <line num="139" count="21" type="cond" truecount="1" falsecount="0"/>
        <line num="140" count="21" type="stmt"/>
        <line num="144" count="21" type="cond" truecount="3" falsecount="0"/>
        <line num="145" count="20" type="stmt"/>
        <line num="149" count="21" type="cond" truecount="1" falsecount="0"/>
        <line num="150" count="19" type="stmt"/>
        <line num="153" count="21" type="stmt"/>
        <line num="160" count="1" type="stmt"/>
        <line num="161" count="4" type="stmt"/>
        <line num="169" count="1" type="stmt"/>
        <line num="170" count="4" type="stmt"/>
        <line num="177" count="1" type="stmt"/>
        <line num="178" count="6" type="cond" truecount="1" falsecount="0"/>
        <line num="179" count="1" type="stmt"/>
        <line num="181" count="5" type="stmt"/>
        <line num="182" count="5" type="stmt"/>
        <line num="190" count="1" type="cond" truecount="1" falsecount="0"/>
        <line num="192" count="5" type="cond" truecount="1" falsecount="0"/>
        <line num="193" count="1" type="stmt"/>
        <line num="197" count="4" type="cond" truecount="1" falsecount="1"/>
        <line num="198" count="4" type="stmt"/>
        <line num="201" count="4" type="stmt"/>
      </file>
    </package>
  </project>
</coverage>
