TN:
SF:src\index.ts
FN:2,(anonymous_0)
FN:3,(anonymous_1)
FN:4,(anonymous_2)
FN:5,(anonymous_3)
FN:6,(anonymous_4)
FN:7,(anonymous_5)
FN:8,(anonymous_6)
FNF:7
FNH:7
FNDA:11,(anonymous_0)
FNDA:12,(anonymous_1)
FNDA:4,(anonymous_2)
FNDA:4,(anonymous_3)
FNDA:6,(anonymous_4)
FNDA:5,(anonymous_5)
FNDA:4,(anonymous_6)
DA:1,1
DA:2,12
DA:3,13
DA:4,5
DA:5,5
DA:6,7
DA:7,6
DA:8,5
LF:8
LH:8
BRF:0
BRH:0
end_of_record
TN:
SF:src\lib\pathUtils.ts
FN:21,getCurrentOS
FN:28,getMaxPathLength
FN:37,validatePath
FN:119,normalizePath
FN:160,joinPaths
FN:169,getRelativePath
FN:177,isPathTraversal
FN:190,sanitizePath
FNF:8
FNH:8
FNDA:26,getCurrentOS
FNDA:10,getMaxPathLength
FNDA:11,validatePath
FNDA:23,normalizePath
FNDA:4,joinPaths
FNDA:4,getRelativePath
FNDA:6,isPathTraversal
FNDA:5,sanitizePath
DA:1,1
DA:2,1
DA:13,1
DA:14,1
DA:15,1
DA:16,1
DA:21,1
DA:22,26
DA:29,10
DA:37,1
DA:38,11
DA:39,11
DA:40,11
DA:41,11
DA:42,11
DA:43,11
DA:46,11
DA:47,1
DA:59,10
DA:60,3
DA:67,10
DA:68,10
DA:69,10
DA:70,2
DA:78,10
DA:79,2
DA:86,10
DA:87,10
DA:88,1
DA:93,10
DA:94,1
DA:101,10
DA:102,2
DA:108,8
DA:119,1
DA:121,23
DA:122,1
DA:125,22
DA:126,22
DA:127,22
DA:128,22
DA:131,22
DA:134,22
DA:135,1
DA:139,21
DA:140,21
DA:144,21
DA:145,20
DA:149,21
DA:150,19
DA:153,21
DA:160,1
DA:161,4
DA:169,1
DA:170,4
DA:177,1
DA:178,6
DA:179,1
DA:181,5
DA:182,5
DA:190,1
DA:192,5
DA:193,1
DA:197,4
DA:198,4
DA:201,4
LF:66
LH:66
BRDA:22,0,0,26
BRDA:22,0,1,0
BRDA:29,1,0,9
BRDA:29,1,1,1
BRDA:37,2,0,3
BRDA:39,3,0,6
BRDA:39,3,1,5
BRDA:39,4,0,11
BRDA:39,4,1,11
BRDA:40,5,0,11
BRDA:40,5,1,10
BRDA:41,6,0,11
BRDA:41,6,1,9
BRDA:42,7,0,11
BRDA:42,7,1,10
BRDA:43,8,0,11
BRDA:43,8,1,10
BRDA:46,9,0,1
BRDA:59,10,0,3
BRDA:67,11,0,9
BRDA:67,11,1,1
BRDA:69,12,0,2
BRDA:78,13,0,2
BRDA:78,14,0,10
BRDA:78,14,1,9
BRDA:87,15,0,1
BRDA:87,16,0,10
BRDA:87,16,1,1
BRDA:93,17,0,1
BRDA:93,18,0,10
BRDA:93,18,1,9
BRDA:101,19,0,2
BRDA:119,20,0,10
BRDA:121,21,0,1
BRDA:125,22,0,14
BRDA:125,22,1,8
BRDA:125,23,0,22
BRDA:125,23,1,21
BRDA:126,24,0,22
BRDA:126,24,1,22
BRDA:127,25,0,22
BRDA:127,25,1,20
BRDA:128,26,0,22
BRDA:128,26,1,20
BRDA:134,27,0,1
BRDA:139,28,0,21
BRDA:144,29,0,20
BRDA:144,30,0,21
BRDA:144,30,1,20
BRDA:149,31,0,19
BRDA:178,32,0,1
BRDA:190,33,0,2
BRDA:192,34,0,1
BRDA:197,35,0,4
BRDA:197,35,1,0
BRF:55
BRH:53
end_of_record
